<?xml version="1.0" encoding="UTF-8"?>
<testsuite name="Api rest assured_june 25th"
           tests="6"
           failures="0"
           errors="0"
           skipped="0"
           time="0.141">
    <properties></properties>



            <testcase
                name="QATest"
                time="0.000"
                classname="June25th_Class_API.Lab124">
            </testcase>
            <testcase
                name="SanityTest"
                time="0.000"
                classname="June25th_Class_API.Lab124">
            </testcase>
            <testcase
                name="ProductionTest"
                time="0.000"
                classname="June25th_Class_API.Lab124">
            </testcase>
            <testcase
                name="SmokeTest"
                time="0.015"
                classname="June25th_Class_API.Lab124">
            </testcase>
            <testcase
                name="HypercareTest"
                time="0.016"
                classname="June25th_Class_API.Lab124">
            </testcase>
            <testcase
                name="RegressionTest"
                time="0.110"
                classname="June25th_Class_API.Lab124">
            </testcase>
</testsuite>
