<?xml version="1.0" encoding="UTF-8"?>
<testsuite name="ATB6x_RestAssuredLearning"
           tests="2"
           failures="0"
           errors="0"
           skipped="0"
           time="7.419">
    <properties></properties>



            <testcase
                name="jsonSchemaValidateGet"
                time="5.909"
                classname="June27th_Class_Concepts.JSONSchemaValidation.Lab142">
            </testcase>
            <testcase
                name="jsonSchemaValidatePost"
                time="1.510"
                classname="June27th_Class_Concepts.JSONSchemaValidation.Lab142">
            </testcase>
</testsuite>
