<?xml version="1.0" encoding="UTF-8"?>
<testsuite name="ATB6x_RestAssuredLearning"
           tests="3"
           failures="0"
           errors="0"
           skipped="0"
           time="7.933">
    <properties></properties>



            <testcase
                name="getBookingIDPostMethod"
                time="1.371"
                classname="June25th_Class_API.Lab129_POST_PUT_dependgroup">
            </testcase>
            <testcase
                name="getToken"
                time="4.990"
                classname="June25th_Class_API.Lab129_POST_PUT_dependgroup">
            </testcase>
            <testcase
                name="putRequest"
                time="1.572"
                classname="June25th_Class_API.Lab129_POST_PUT_dependgroup">
            </testcase>
</testsuite>
